1,1,6.65189e-10,2.60077e-05
1,1,6.65189e-10,2.60077e-05
1,1,6.65189e-10,2.60077e-05
1,1,6.65189e-10,2.60077e-05
3.56766e+10,1.51251,23.7317,3.9337e-05
3.56766e+10,1.51251,23.7317,3.9337e-05
1.40001e+11,0.909294,93.1271,2.36486e-05
8.51116e+10,1.03979,56.6153,2.70426e-05
8.51116e+10,1.03979,56.6153,2.70426e-05
8.51116e+10,1.03979,56.6153,2.70426e-05
2.93232e+11,1.04924,195.055,2.72884e-05
2.93232e+11,1.04924,195.055,2.72884e-05
2.93232e+11,1.04924,195.055,2.72884e-05
1.48409e+11,0.879045,98.7203,2.28619e-05
8.85063e+10,1.08127,58.8734,2.81212e-05
8.85063e+10,1.08127,58.8734,2.81212e-05
8.85063e+10,1.08127,58.8734,2.81212e-05
8.70764e+10,1.01659,57.9222,2.64391e-05
8.70764e+10,1.01659,57.9222,2.64391e-05
8.70764e+10,1.01659,57.9222,2.64391e-05
3.52064e+10,1.46167,23.4189,3.80147e-05
1.52684e+11,0.838843,101.563,2.18164e-05
1.52684e+11,0.838843,101.563,2.18164e-05
1.52684e+11,0.838843,101.563,2.18164e-05
1.52684e+11,0.838843,101.563,2.18164e-05
1.52684e+11,0.838843,101.563,2.18164e-05
5.27198e+10,1.25383,35.0686,3.26093e-05
5.27198e+10,1.25383,35.0686,3.26093e-05
5.27198e+10,1.25383,35.0686,3.26093e-05
5.27198e+10,1.25383,35.0686,3.26093e-05
5.27198e+10,1.25383,35.0686,3.26093e-05
5.27198e+10,1.25383,35.0686,3.26093e-05
5.27198e+10,1.25383,35.0686,3.26093e-05
5.27198e+10,1.25383,35.0686,3.26093e-05
5.27198e+10,1.25383,35.0686,3.26093e-05
5.94844e+10,1.26294,39.5684,3.28462e-05
2.80175e+11,1.00252,186.369,2.60732e-05
2.80175e+11,1.00252,186.369,2.60732e-05
1.4934e+11,0.884524,99.3395,2.30044e-05
1.4934e+11,0.884524,99.3395,2.30044e-05
1.4934e+11,0.884524,99.3395,2.30044e-05
1.4934e+11,0.884524,99.3395,2.30044e-05
1.4934e+11,0.884524,99.3395,2.30044e-05
2.57412e+11,1.06159,171.227,2.76096e-05
2.57412e+11,1.06159,171.227,2.76096e-05
2.57412e+11,1.06159,171.227,2.76096e-05
2.57412e+11,1.06159,171.227,2.76096e-05
2.57412e+11,1.06159,171.227,2.76096e-05
2.57412e+11,1.06159,171.227,2.76096e-05
2.57412e+11,1.06159,171.227,2.76096e-05
2.57412e+11,1.06159,171.227,2.76096e-05
2.57412e+11,1.06159,171.227,2.76096e-05
2.57412e+11,1.06159,171.227,2.76096e-05
1.58444e+11,0.870463,105.395,2.26387e-05
1.58444e+11,0.870463,105.395,2.26387e-05
1.58444e+11,0.870463,105.395,2.26387e-05
1.58444e+11,0.870463,105.395,2.26387e-05
1.58444e+11,0.870463,105.395,2.26387e-05
1.58444e+11,0.870463,105.395,2.26387e-05
1.58444e+11,0.870463,105.395,2.26387e-05
1.58444e+11,0.870463,105.395,2.26387e-05
1.58444e+11,0.870463,105.395,2.26387e-05
1.63259e+11,0.896943,108.598,2.33274e-05
1.63259e+11,0.896943,108.598,2.33274e-05
5.56358e+10,1.13354,37.0083,2.94806e-05
5.56358e+10,1.13354,37.0083,2.94806e-05
5.56358e+10,1.13354,37.0083,2.94806e-05
5.56358e+10,1.13354,37.0083,2.94806e-05
5.56358e+10,1.13354,37.0083,2.94806e-05
5.56358e+10,1.13354,37.0083,2.94806e-05
5.56358e+10,1.13354,37.0083,2.94806e-05
5.56358e+10,1.13354,37.0083,2.94806e-05
5.56358e+10,1.13354,37.0083,2.94806e-05
5.56358e+10,1.13354,37.0083,2.94806e-05
5.56358e+10,1.13354,37.0083,2.94806e-05
5.59015e+10,1.13882,37.185,2.96181e-05
1.54027e+11,0.846223,102.457,2.20083e-05
1.54027e+11,0.846223,102.457,2.20083e-05
8.79444e+10,1.02672,58.4996,2.67027e-05
8.79444e+10,1.02672,58.4996,2.67027e-05
8.79444e+10,1.02672,58.4996,2.67027e-05
8.79444e+10,1.02672,58.4996,2.67027e-05
8.79444e+10,1.02672,58.4996,2.67027e-05
3.602e+10,1.52707,23.9601,3.97156e-05
1.5224e+11,0.901732,101.268,2.3452e-05
1.5224e+11,0.901732,101.268,2.3452e-05
5.57608e+10,1.13608,37.0914,2.95469e-05
5.57608e+10,1.13608,37.0914,2.95469e-05
5.57608e+10,1.13608,37.0914,2.95469e-05
5.57608e+10,1.13608,37.0914,2.95469e-05
5.57608e+10,1.13608,37.0914,2.95469e-05
5.57608e+10,1.13608,37.0914,2.95469e-05
5.57608e+10,1.13608,37.0914,2.95469e-05
5.57608e+10,1.13608,37.0914,2.95469e-05
8.66766e+10,1.01192,57.6563,2.63177e-05
1.24722e+11,1.06045,82.9639,2.75799e-05
1.24722e+11,1.06045,82.9639,2.75799e-05
1.24722e+11,1.06045,82.9639,2.75799e-05
1.24722e+11,1.06045,82.9639,2.75799e-05
1.24722e+11,1.06045,82.9639,2.75799e-05
1.24722e+11,1.06045,82.9639,2.75799e-05
1.24722e+11,1.06045,82.9639,2.75799e-05
1.24722e+11,1.06045,82.9639,2.75799e-05
1.24722e+11,1.06045,82.9639,2.75799e-05
1.24722e+11,1.06045,82.9639,2.75799e-05
1.24722e+11,1.06045,82.9639,2.75799e-05
1.24722e+11,1.06045,82.9639,2.75799e-05
1.24722e+11,1.06045,82.9639,2.75799e-05
1.24722e+11,1.06045,82.9639,2.75799e-05
1.40961e+11,0.91553,93.7657,2.38108e-05
1.40961e+11,0.91553,93.7657,2.38108e-05
1.40961e+11,0.91553,93.7657,2.38108e-05
1.40961e+11,0.91553,93.7657,2.38108e-05
1.40961e+11,0.91553,93.7657,2.38108e-05
1.40961e+11,0.91553,93.7657,2.38108e-05
1.49423e+11,0.970491,99.3947,2.52402e-05
1.49423e+11,0.970491,99.3947,2.52402e-05
1.49423e+11,0.970491,99.3947,2.52402e-05
1.49423e+11,0.970491,99.3947,2.52402e-05
1.49423e+11,0.970491,99.3947,2.52402e-05
1.49423e+11,0.970491,99.3947,2.52402e-05
1.49423e+11,0.970491,99.3947,2.52402e-05
1.49423e+11,0.970491,99.3947,2.52402e-05
1.49423e+11,0.970491,99.3947,2.52402e-05
1.49423e+11,0.970491,99.3947,2.52402e-05
1.49423e+11,0.970491,99.3947,2.52402e-05
1.49423e+11,0.970491,99.3947,2.52402e-05
1.49423e+11,0.970491,99.3947,2.52402e-05
1.49423e+11,0.970491,99.3947,2.52402e-05
1.49423e+11,0.970491,99.3947,2.52402e-05
1.58948e+11,0.873258,105.73,2.27114e-05
1.58948e+11,0.873258,105.73,2.27114e-05
1.43432,0.906732,9.54093e-10,2.3582e-05
1.43432,0.906732,9.54093e-10,2.3582e-05
1.43432,0.906732,9.54093e-10,2.3582e-05
1.43432,0.906732,9.54093e-10,2.3582e-05
1.43432,0.906732,9.54093e-10,2.3582e-05
1.43432,0.906732,9.54093e-10,2.3582e-05
1.43432,0.906732,9.54093e-10,2.3582e-05
1.43432,0.906732,9.54093e-10,2.3582e-05
1.43432,0.906732,9.54093e-10,2.3582e-05
1.43432,0.906732,9.54093e-10,2.3582e-05
1.43432,0.906732,9.54093e-10,2.3582e-05
1.43432,0.906732,9.54093e-10,2.3582e-05
1.43432,0.906732,9.54093e-10,2.3582e-05
1.43432,0.906732,9.54093e-10,2.3582e-05
1.43432,0.906732,9.54093e-10,2.3582e-05
1.43432,0.906732,9.54093e-10,2.3582e-05
1.43432,0.906732,9.54093e-10,2.3582e-05
1.43432,0.906732,9.54093e-10,2.3582e-05
1.43432,0.906732,9.54093e-10,2.3582e-05
1.43432,0.906732,9.54093e-10,2.3582e-05
1.43432,0.906732,9.54093e-10,2.3582e-05
1.49277,0.92762,9.92976e-10,2.41253e-05
1.49277,0.92762,9.92976e-10,2.41253e-05
1.49277,0.92762,9.92976e-10,2.41253e-05
1.49277,0.92762,9.92976e-10,2.41253e-05
1.49277,0.92762,9.92976e-10,2.41253e-05
1.49277,0.92762,9.92976e-10,2.41253e-05
1.49277,0.92762,9.92976e-10,2.41253e-05
1.49277,0.92762,9.92976e-10,2.41253e-05
1.49277,0.92762,9.92976e-10,2.41253e-05
1.49277,0.92762,9.92976e-10,2.41253e-05
1.49277,0.92762,9.92976e-10,2.41253e-05
1.49277,0.92762,9.92976e-10,2.41253e-05
1.49277,0.92762,9.92976e-10,2.41253e-05
1.49277,0.92762,9.92976e-10,2.41253e-05
1.49277,0.92762,9.92976e-10,2.41253e-05
1.49277,0.92762,9.92976e-10,2.41253e-05
1.49277,0.92762,9.92976e-10,2.41253e-05
1.49277,0.92762,9.92976e-10,2.41253e-05
1.49277,0.92762,9.92976e-10,2.41253e-05
1.49277,0.92762,9.92976e-10,2.41253e-05
1.49277,0.92762,9.92976e-10,2.41253e-05
1.49277,0.92762,9.92976e-10,2.41253e-05
1.49277,0.92762,9.92976e-10,2.41253e-05
1.49277,0.92762,9.92976e-10,2.41253e-05
1.49277,0.92762,9.92976e-10,2.41253e-05
1.49277,0.92762,9.92976e-10,2.41253e-05
1.49277,0.92762,9.92976e-10,2.41253e-05
1.49277,0.92762,9.92976e-10,2.41253e-05
1.49277,0.92762,9.92976e-10,2.41253e-05
1.49277,0.92762,9.92976e-10,2.41253e-05
1.49277,0.92762,9.92976e-10,2.41253e-05
1.49277,0.92762,9.92976e-10,2.41253e-05
1.49277,0.92762,9.92976e-10,2.41253e-05
1.49277,0.92762,9.92976e-10,2.41253e-05
1.49277,0.92762,9.92976e-10,2.41253e-05
1.49277,0.92762,9.92976e-10,2.41253e-05
1.49277,0.92762,9.92976e-10,2.41253e-05
1.49277,0.92762,9.92976e-10,2.41253e-05
1.49277,0.92762,9.92976e-10,2.41253e-05
1.49277,0.92762,9.92976e-10,2.41253e-05
1.49277,0.92762,9.92976e-10,2.41253e-05
1.49277,0.92762,9.92976e-10,2.41253e-05
1.49277,0.92762,9.92976e-10,2.41253e-05
8.74982e+10,1.02151,58.2028,2.65672e-05
8.74982e+10,1.02151,58.2028,2.65672e-05
8.74982e+10,1.02151,58.2028,2.65672e-05
8.74982e+10,1.02151,58.2028,2.65672e-05
8.74982e+10,1.02151,58.2028,2.65672e-05
8.74982e+10,1.02151,58.2028,2.65672e-05
8.74982e+10,1.02151,58.2028,2.65672e-05
8.74982e+10,1.02151,58.2028,2.65672e-05
8.74982e+10,1.02151,58.2028,2.65672e-05
8.74982e+10,1.02151,58.2028,2.65672e-05
8.74982e+10,1.02151,58.2028,2.65672e-05
8.74982e+10,1.02151,58.2028,2.65672e-05
8.74982e+10,1.02151,58.2028,2.65672e-05
8.74982e+10,1.02151,58.2028,2.65672e-05
8.74982e+10,1.02151,58.2028,2.65672e-05
8.74982e+10,1.02151,58.2028,2.65672e-05
8.74982e+10,1.02151,58.2028,2.65672e-05
8.74982e+10,1.02151,58.2028,2.65672e-05
8.74982e+10,1.02151,58.2028,2.65672e-05
8.74982e+10,1.02151,58.2028,2.65672e-05
8.74982e+10,1.02151,58.2028,2.65672e-05
8.74982e+10,1.02151,58.2028,2.65672e-05
1.47409e+11,0.873121,98.055,2.27078e-05
1.47409e+11,0.873121,98.055,2.27078e-05
1.47409e+11,0.873121,98.055,2.27078e-05
1.47409e+11,0.873121,98.055,2.27078e-05
1.47409e+11,0.873121,98.055,2.27078e-05
1.47409e+11,0.873121,98.055,2.27078e-05
1.47409e+11,0.873121,98.055,2.27078e-05
1.47409e+11,0.873121,98.055,2.27078e-05
1.47409e+11,0.873121,98.055,2.27078e-05
1.47409e+11,0.873121,98.055,2.27078e-05
1.47409e+11,0.873121,98.055,2.27078e-05
1.47409e+11,0.873121,98.055,2.27078e-05
1.47409e+11,0.873121,98.055,2.27078e-05
1.47409e+11,0.873121,98.055,2.27078e-05
1.47409e+11,0.873121,98.055,2.27078e-05
1.47409e+11,0.873121,98.055,2.27078e-05
1.47409e+11,0.873121,98.055,2.27078e-05
1.47409e+11,0.873121,98.055,2.27078e-05
1.47409e+11,0.873121,98.055,2.27078e-05
1.47409e+11,0.873121,98.055,2.27078e-05
1.47409e+11,0.873121,98.055,2.27078e-05
1.47409e+11,0.873121,98.055,2.27078e-05
1.47409e+11,0.873121,98.055,2.27078e-05
1.47409e+11,0.873121,98.055,2.27078e-05
1.47409e+11,0.873121,98.055,2.27078e-05
1.47409e+11,0.873121,98.055,2.27078e-05
1.47409e+11,0.873121,98.055,2.27078e-05
1.47409e+11,0.873121,98.055,2.27078e-05
1.47409e+11,0.873121,98.055,2.27078e-05
8.65919e+10,1.01093,57.6,2.62921e-05
8.65919e+10,1.01093,57.6,2.62921e-05
8.65919e+10,1.01093,57.6,2.62921e-05
8.65919e+10,1.01093,57.6,2.62921e-05
8.65919e+10,1.01093,57.6,2.62921e-05
8.65919e+10,1.01093,57.6,2.62921e-05
8.65919e+10,1.01093,57.6,2.62921e-05
8.65919e+10,1.01093,57.6,2.62921e-05
8.65919e+10,1.01093,57.6,2.62921e-05
8.65919e+10,1.01093,57.6,2.62921e-05
8.65919e+10,1.01093,57.6,2.62921e-05
8.65919e+10,1.01093,57.6,2.62921e-05
8.65919e+10,1.01093,57.6,2.62921e-05
8.65919e+10,1.01093,57.6,2.62921e-05
8.65919e+10,1.01093,57.6,2.62921e-05
8.65919e+10,1.01093,57.6,2.62921e-05
8.65919e+10,1.01093,57.6,2.62921e-05
8.65919e+10,1.01093,57.6,2.62921e-05
8.65919e+10,1.01093,57.6,2.62921e-05
8.65919e+10,1.01093,57.6,2.62921e-05
8.65919e+10,1.01093,57.6,2.62921e-05
8.65919e+10,1.01093,57.6,2.62921e-05
8.65919e+10,1.01093,57.6,2.62921e-05
8.65919e+10,1.01093,57.6,2.62921e-05
8.65919e+10,1.01093,57.6,2.62921e-05
8.65919e+10,1.01093,57.6,2.62921e-05
8.65919e+10,1.01093,57.6,2.62921e-05
8.65919e+10,1.01093,57.6,2.62921e-05
8.65919e+10,1.01093,57.6,2.62921e-05
8.65919e+10,1.01093,57.6,2.62921e-05
8.65919e+10,1.01093,57.6,2.62921e-05
8.65919e+10,1.01093,57.6,2.62921e-05
8.65919e+10,1.01093,57.6,2.62921e-05
8.65919e+10,1.01093,57.6,2.62921e-05
8.65919e+10,1.01093,57.6,2.62921e-05
8.65919e+10,1.01093,57.6,2.62921e-05
8.65919e+10,1.01093,57.6,2.62921e-05
8.65919e+10,1.01093,57.6,2.62921e-05
8.65919e+10,1.01093,57.6,2.62921e-05
8.65919e+10,1.01093,57.6,2.62921e-05
8.65919e+10,1.01093,57.6,2.62921e-05
8.65919e+10,1.01093,57.6,2.62921e-05
8.65919e+10,1.01093,57.6,2.62921e-05
8.65919e+10,1.01093,57.6,2.62921e-05
8.65919e+10,1.01093,57.6,2.62921e-05
8.65919e+10,1.01093,57.6,2.62921e-05
8.65919e+10,1.01093,57.6,2.62921e-05
8.65919e+10,1.01093,57.6,2.62921e-05
8.65919e+10,1.01093,57.6,2.62921e-05
8.65919e+10,1.01093,57.6,2.62921e-05
8.65919e+10,1.01093,57.6,2.62921e-05
8.65919e+10,1.01093,57.6,2.62921e-05
8.65919e+10,1.01093,57.6,2.62921e-05
8.65919e+10,1.01093,57.6,2.62921e-05
8.65919e+10,1.01093,57.6,2.62921e-05
8.65919e+10,1.01093,57.6,2.62921e-05
8.65919e+10,1.01093,57.6,2.62921e-05
8.65919e+10,1.01093,57.6,2.62921e-05
8.65919e+10,1.01093,57.6,2.62921e-05
8.65919e+10,1.01093,57.6,2.62921e-05
8.65919e+10,1.01093,57.6,2.62921e-05
8.65919e+10,1.01093,57.6,2.62921e-05
8.65919e+10,1.01093,57.6,2.62921e-05
8.65919e+10,1.01093,57.6,2.62921e-05
8.65919e+10,1.01093,57.6,2.62921e-05
8.65919e+10,1.01093,57.6,2.62921e-05
8.65919e+10,1.01093,57.6,2.62921e-05
8.65919e+10,1.01093,57.6,2.62921e-05
8.65919e+10,1.01093,57.6,2.62921e-05
8.65919e+10,1.01093,57.6,2.62921e-05
8.65919e+10,1.01093,57.6,2.62921e-05
8.65919e+10,1.01093,57.6,2.62921e-05
8.65919e+10,1.01093,57.6,2.62921e-05
8.65919e+10,1.01093,57.6,2.62921e-05
8.65919e+10,1.01093,57.6,2.62921e-05
8.65919e+10,1.01093,57.6,2.62921e-05
8.65919e+10,1.01093,57.6,2.62921e-05
8.65919e+10,1.01093,57.6,2.62921e-05
8.65919e+10,1.01093,57.6,2.62921e-05
8.65919e+10,1.01093,57.6,2.62921e-05
8.65919e+10,1.01093,57.6,2.62921e-05
8.65919e+10,1.01093,57.6,2.62921e-05
8.65919e+10,1.01093,57.6,2.62921e-05
8.65919e+10,1.01093,57.6,2.62921e-05
8.65919e+10,1.01093,57.6,2.62921e-05
8.65919e+10,1.01093,57.6,2.62921e-05
8.65919e+10,1.01093,57.6,2.62921e-05
8.65919e+10,1.01093,57.6,2.62921e-05
8.65919e+10,1.01093,57.6,2.62921e-05
8.65919e+10,1.01093,57.6,2.62921e-05
8.65919e+10,1.01093,57.6,2.62921e-05
8.65919e+10,1.01093,57.6,2.62921e-05
8.65919e+10,1.01093,57.6,2.62921e-05
8.65919e+10,1.01093,57.6,2.62921e-05
8.65919e+10,1.01093,57.6,2.62921e-05
8.65919e+10,1.01093,57.6,2.62921e-05
8.65919e+10,1.01093,57.6,2.62921e-05
8.65919e+10,1.01093,57.6,2.62921e-05
8.65919e+10,1.01093,57.6,2.62921e-05
8.65919e+10,1.01093,57.6,2.62921e-05
8.65919e+10,1.01093,57.6,2.62921e-05
8.65919e+10,1.01093,57.6,2.62921e-05
8.65919e+10,1.01093,57.6,2.62921e-05
8.65919e+10,1.01093,57.6,2.62921e-05
8.65919e+10,1.01093,57.6,2.62921e-05
8.65919e+10,1.01093,57.6,2.62921e-05
8.65919e+10,1.01093,57.6,2.62921e-05
8.65919e+10,1.01093,57.6,2.62921e-05
8.65919e+10,1.01093,57.6,2.62921e-05
8.65919e+10,1.01093,57.6,2.62921e-05
8.65919e+10,1.01093,57.6,2.62921e-05
8.65919e+10,1.01093,57.6,2.62921e-05
8.65919e+10,1.01093,57.6,2.62921e-05
8.65919e+10,1.01093,57.6,2.62921e-05
8.65919e+10,1.01093,57.6,2.62921e-05
8.65919e+10,1.01093,57.6,2.62921e-05
8.65919e+10,1.01093,57.6,2.62921e-05
8.65919e+10,1.01093,57.6,2.62921e-05
8.65919e+10,1.01093,57.6,2.62921e-05
8.65919e+10,1.01093,57.6,2.62921e-05
8.65919e+10,1.01093,57.6,2.62921e-05
8.65919e+10,1.01093,57.6,2.62921e-05
8.65919e+10,1.01093,57.6,2.62921e-05
8.65919e+10,1.01093,57.6,2.62921e-05
8.65919e+10,1.01093,57.6,2.62921e-05
8.65919e+10,1.01093,57.6,2.62921e-05
8.65919e+10,1.01093,57.6,2.62921e-05
8.65919e+10,1.01093,57.6,2.62921e-05
8.65919e+10,1.01093,57.6,2.62921e-05
8.65919e+10,1.01093,57.6,2.62921e-05
8.65919e+10,1.01093,57.6,2.62921e-05
8.65919e+10,1.01093,57.6,2.62921e-05
8.65919e+10,1.01093,57.6,2.62921e-05
8.65919e+10,1.01093,57.6,2.62921e-05
8.65919e+10,1.01093,57.6,2.62921e-05
8.65919e+10,1.01093,57.6,2.62921e-05
8.65919e+10,1.01093,57.6,2.62921e-05
8.65919e+10,1.01093,57.6,2.62921e-05
8.65919e+10,1.01093,57.6,2.62921e-05
8.65919e+10,1.01093,57.6,2.62921e-05
8.65919e+10,1.01093,57.6,2.62921e-05
8.65919e+10,1.01093,57.6,2.62921e-05
8.65919e+10,1.01093,57.6,2.62921e-05
8.65919e+10,1.01093,57.6,2.62921e-05
8.65919e+10,1.01093,57.6,2.62921e-05
8.65919e+10,1.01093,57.6,2.62921e-05
8.65919e+10,1.01093,57.6,2.62921e-05
8.65919e+10,1.01093,57.6,2.62921e-05
8.65919e+10,1.01093,57.6,2.62921e-05
8.65919e+10,1.01093,57.6,2.62921e-05
8.65919e+10,1.01093,57.6,2.62921e-05
8.65919e+10,1.01093,57.6,2.62921e-05
8.65919e+10,1.01093,57.6,2.62921e-05
8.65919e+10,1.01093,57.6,2.62921e-05
8.65919e+10,1.01093,57.6,2.62921e-05
8.65919e+10,1.01093,57.6,2.62921e-05
8.65919e+10,1.01093,57.6,2.62921e-05
8.65919e+10,1.01093,57.6,2.62921e-05
8.65919e+10,1.01093,57.6,2.62921e-05
8.65919e+10,1.01093,57.6,2.62921e-05
8.60283e+10,1.0043,57.2251,2.61195e-05
8.60283e+10,1.0043,57.2251,2.61195e-05
8.60283e+10,1.0043,57.2251,2.61195e-05
8.60283e+10,1.0043,57.2251,2.61195e-05
8.60283e+10,1.0043,57.2251,2.61195e-05
8.60283e+10,1.0043,57.2251,2.61195e-05
8.60283e+10,1.0043,57.2251,2.61195e-05
8.60283e+10,1.0043,57.2251,2.61195e-05
8.60283e+10,1.0043,57.2251,2.61195e-05
8.60283e+10,1.0043,57.2251,2.61195e-05
8.60283e+10,1.0043,57.2251,2.61195e-05
8.60283e+10,1.0043,57.2251,2.61195e-05
8.60283e+10,1.0043,57.2251,2.61195e-05
8.60283e+10,1.0043,57.2251,2.61195e-05
8.60283e+10,1.0043,57.2251,2.61195e-05
8.60283e+10,1.0043,57.2251,2.61195e-05
8.60283e+10,1.0043,57.2251,2.61195e-05
8.60283e+10,1.0043,57.2251,2.61195e-05
8.60283e+10,1.0043,57.2251,2.61195e-05
8.60283e+10,1.0043,57.2251,2.61195e-05
8.60283e+10,1.0043,57.2251,2.61195e-05
8.60283e+10,1.0043,57.2251,2.61195e-05
8.60283e+10,1.0043,57.2251,2.61195e-05
8.60283e+10,1.0043,57.2251,2.61195e-05
8.60283e+10,1.0043,57.2251,2.61195e-05
8.60283e+10,1.0043,57.2251,2.61195e-05
8.60283e+10,1.0043,57.2251,2.61195e-05
8.60283e+10,1.0043,57.2251,2.61195e-05
8.60283e+10,1.0043,57.2251,2.61195e-05
8.60283e+10,1.0043,57.2251,2.61195e-05
8.60283e+10,1.0043,57.2251,2.61195e-05
8.60283e+10,1.0043,57.2251,2.61195e-05
8.60283e+10,1.0043,57.2251,2.61195e-05
8.60283e+10,1.0043,57.2251,2.61195e-05
8.60283e+10,1.0043,57.2251,2.61195e-05
8.60283e+10,1.0043,57.2251,2.61195e-05
8.60283e+10,1.0043,57.2251,2.61195e-05
8.60283e+10,1.0043,57.2251,2.61195e-05
8.60283e+10,1.0043,57.2251,2.61195e-05
8.60283e+10,1.0043,57.2251,2.61195e-05
8.60283e+10,1.0043,57.2251,2.61195e-05
8.60283e+10,1.0043,57.2251,2.61195e-05
8.60283e+10,1.0043,57.2251,2.61195e-05
8.60283e+10,1.0043,57.2251,2.61195e-05
8.60283e+10,1.0043,57.2251,2.61195e-05
8.60283e+10,1.0043,57.2251,2.61195e-05
8.60283e+10,1.0043,57.2251,2.61195e-05
8.60283e+10,1.0043,57.2251,2.61195e-05
8.60283e+10,1.0043,57.2251,2.61195e-05
8.60283e+10,1.0043,57.2251,2.61195e-05
8.60283e+10,1.0043,57.2251,2.61195e-05
8.60283e+10,1.0043,57.2251,2.61195e-05
8.60283e+10,1.0043,57.2251,2.61195e-05
8.60283e+10,1.0043,57.2251,2.61195e-05
8.60283e+10,1.0043,57.2251,2.61195e-05
8.60283e+10,1.0043,57.2251,2.61195e-05
8.60283e+10,1.0043,57.2251,2.61195e-05
8.60283e+10,1.0043,57.2251,2.61195e-05
8.60283e+10,1.0043,57.2251,2.61195e-05
8.60283e+10,1.0043,57.2251,2.61195e-05
8.60283e+10,1.0043,57.2251,2.61195e-05
8.60283e+10,1.0043,57.2251,2.61195e-05
8.60283e+10,1.0043,57.2251,2.61195e-05
8.60283e+10,1.0043,57.2251,2.61195e-05
8.60283e+10,1.0043,57.2251,2.61195e-05
8.60283e+10,1.0043,57.2251,2.61195e-05
8.60283e+10,1.0043,57.2251,2.61195e-05
8.60283e+10,1.0043,57.2251,2.61195e-05
8.60283e+10,1.0043,57.2251,2.61195e-05
8.60283e+10,1.0043,57.2251,2.61195e-05
8.60283e+10,1.0043,57.2251,2.61195e-05
8.60283e+10,1.0043,57.2251,2.61195e-05
8.60283e+10,1.0043,57.2251,2.61195e-05
8.60283e+10,1.0043,57.2251,2.61195e-05
8.60283e+10,1.0043,57.2251,2.61195e-05
8.60283e+10,1.0043,57.2251,2.61195e-05
8.60283e+10,1.0043,57.2251,2.61195e-05
8.60283e+10,1.0043,57.2251,2.61195e-05
8.60283e+10,1.0043,57.2251,2.61195e-05
8.60283e+10,1.0043,57.2251,2.61195e-05
8.60283e+10,1.0043,57.2251,2.61195e-05
8.60283e+10,1.0043,57.2251,2.61195e-05
8.60283e+10,1.0043,57.2251,2.61195e-05
8.60283e+10,1.0043,57.2251,2.61195e-05
8.60283e+10,1.0043,57.2251,2.61195e-05
8.60283e+10,1.0043,57.2251,2.61195e-05
8.60283e+10,1.0043,57.2251,2.61195e-05
8.60283e+10,1.0043,57.2251,2.61195e-05
8.60283e+10,1.0043,57.2251,2.61195e-05
8.60283e+10,1.0043,57.2251,2.61195e-05
8.60283e+10,1.0043,57.2251,2.61195e-05
8.60283e+10,1.0043,57.2251,2.61195e-05
8.60283e+10,1.0043,57.2251,2.61195e-05
8.60283e+10,1.0043,57.2251,2.61195e-05
8.60283e+10,1.0043,57.2251,2.61195e-05
8.60283e+10,1.0043,57.2251,2.61195e-05
8.60283e+10,1.0043,57.2251,2.61195e-05
8.60283e+10,1.0043,57.2251,2.61195e-05
8.60283e+10,1.0043,57.2251,2.61195e-05
8.60283e+10,1.0043,57.2251,2.61195e-05
8.60283e+10,1.0043,57.2251,2.61195e-05
8.60283e+10,1.0043,57.2251,2.61195e-05
8.60283e+10,1.0043,57.2251,2.61195e-05
8.60283e+10,1.0043,57.2251,2.61195e-05
8.60283e+10,1.0043,57.2251,2.61195e-05
8.60283e+10,1.0043,57.2251,2.61195e-05
8.60283e+10,1.0043,57.2251,2.61195e-05
8.60283e+10,1.0043,57.2251,2.61195e-05
8.60283e+10,1.0043,57.2251,2.61195e-05
8.60283e+10,1.0043,57.2251,2.61195e-05
8.60283e+10,1.0043,57.2251,2.61195e-05
8.60283e+10,1.0043,57.2251,2.61195e-05
8.60283e+10,1.0043,57.2251,2.61195e-05
8.60283e+10,1.0043,57.2251,2.61195e-05
8.60283e+10,1.0043,57.2251,2.61195e-05
8.60283e+10,1.0043,57.2251,2.61195e-05
8.60283e+10,1.0043,57.2251,2.61195e-05
8.60283e+10,1.0043,57.2251,2.61195e-05
8.60283e+10,1.0043,57.2251,2.61195e-05
8.60283e+10,1.0043,57.2251,2.61195e-05
8.60283e+10,1.0043,57.2251,2.61195e-05
8.60283e+10,1.0043,57.2251,2.61195e-05
8.60283e+10,1.0043,57.2251,2.61195e-05
8.60283e+10,1.0043,57.2251,2.61195e-05
8.60283e+10,1.0043,57.2251,2.61195e-05
8.60283e+10,1.0043,57.2251,2.61195e-05
8.60283e+10,1.0043,57.2251,2.61195e-05
8.60283e+10,1.0043,57.2251,2.61195e-05
8.60283e+10,1.0043,57.2251,2.61195e-05
8.60283e+10,1.0043,57.2251,2.61195e-05
8.60283e+10,1.0043,57.2251,2.61195e-05
8.60283e+10,1.0043,57.2251,2.61195e-05
8.60283e+10,1.0043,57.2251,2.61195e-05
8.60283e+10,1.0043,57.2251,2.61195e-05
8.60283e+10,1.0043,57.2251,2.61195e-05
8.60283e+10,1.0043,57.2251,2.61195e-05
8.60283e+10,1.0043,57.2251,2.61195e-05
8.60283e+10,1.0043,57.2251,2.61195e-05
8.60283e+10,1.0043,57.2251,2.61195e-05
8.60283e+10,1.0043,57.2251,2.61195e-05
8.60283e+10,1.0043,57.2251,2.61195e-05
8.60283e+10,1.0043,57.2251,2.61195e-05
8.60283e+10,1.0043,57.2251,2.61195e-05
8.60283e+10,1.0043,57.2251,2.61195e-05
8.60283e+10,1.0043,57.2251,2.61195e-05
8.60283e+10,1.0043,57.2251,2.61195e-05
8.60283e+10,1.0043,57.2251,2.61195e-05
8.60283e+10,1.0043,57.2251,2.61195e-05
8.60283e+10,1.0043,57.2251,2.61195e-05
8.60283e+10,1.0043,57.2251,2.61195e-05
8.60283e+10,1.0043,57.2251,2.61195e-05
8.60283e+10,1.0043,57.2251,2.61195e-05
8.60283e+10,1.0043,57.2251,2.61195e-05
8.60283e+10,1.0043,57.2251,2.61195e-05
8.60283e+10,1.0043,57.2251,2.61195e-05
8.60283e+10,1.0043,57.2251,2.61195e-05
8.60283e+10,1.0043,57.2251,2.61195e-05
8.60283e+10,1.0043,57.2251,2.61195e-05
8.60283e+10,1.0043,57.2251,2.61195e-05
8.60283e+10,1.0043,57.2251,2.61195e-05
8.60283e+10,1.0043,57.2251,2.61195e-05
8.60283e+10,1.0043,57.2251,2.61195e-05
8.60283e+10,1.0043,57.2251,2.61195e-05
8.60283e+10,1.0043,57.2251,2.61195e-05
8.60283e+10,1.0043,57.2251,2.61195e-05
8.60283e+10,1.0043,57.2251,2.61195e-05
8.60283e+10,1.0043,57.2251,2.61195e-05
8.60283e+10,1.0043,57.2251,2.61195e-05
8.60283e+10,1.0043,57.2251,2.61195e-05
8.60283e+10,1.0043,57.2251,2.61195e-05
8.60283e+10,1.0043,57.2251,2.61195e-05
8.60283e+10,1.0043,57.2251,2.61195e-05
8.60283e+10,1.0043,57.2251,2.61195e-05
8.60283e+10,1.0043,57.2251,2.61195e-05
8.60283e+10,1.0043,57.2251,2.61195e-05
8.60283e+10,1.0043,57.2251,2.61195e-05
8.60283e+10,1.0043,57.2251,2.61195e-05
8.60283e+10,1.0043,57.2251,2.61195e-05
8.60283e+10,1.0043,57.2251,2.61195e-05
8.60283e+10,1.0043,57.2251,2.61195e-05
8.60283e+10,1.0043,57.2251,2.61195e-05
8.60283e+10,1.0043,57.2251,2.61195e-05
8.60283e+10,1.0043,57.2251,2.61195e-05
8.60283e+10,1.0043,57.2251,2.61195e-05
8.60283e+10,1.0043,57.2251,2.61195e-05
8.60283e+10,1.0043,57.2251,2.61195e-05
8.60283e+10,1.0043,57.2251,2.61195e-05
8.60283e+10,1.0043,57.2251,2.61195e-05
8.60283e+10,1.0043,57.2251,2.61195e-05
8.60283e+10,1.0043,57.2251,2.61195e-05
8.60283e+10,1.0043,57.2251,2.61195e-05
8.60283e+10,1.0043,57.2251,2.61195e-05
8.60283e+10,1.0043,57.2251,2.61195e-05
8.60283e+10,1.0043,57.2251,2.61195e-05
8.60283e+10,1.0043,57.2251,2.61195e-05
8.60283e+10,1.0043,57.2251,2.61195e-05
8.60283e+10,1.0043,57.2251,2.61195e-05
8.60283e+10,1.0043,57.2251,2.61195e-05
8.60283e+10,1.0043,57.2251,2.61195e-05
8.60283e+10,1.0043,57.2251,2.61195e-05
8.60283e+10,1.0043,57.2251,2.61195e-05
8.60283e+10,1.0043,57.2251,2.61195e-05
8.60283e+10,1.0043,57.2251,2.61195e-05
8.60283e+10,1.0043,57.2251,2.61195e-05
8.60283e+10,1.0043,57.2251,2.61195e-05
8.60283e+10,1.0043,57.2251,2.61195e-05
8.60283e+10,1.0043,57.2251,2.61195e-05
8.60283e+10,1.0043,57.2251,2.61195e-05
8.60283e+10,1.0043,57.2251,2.61195e-05
8.60283e+10,1.0043,57.2251,2.61195e-05
8.60283e+10,1.0043,57.2251,2.61195e-05
8.60283e+10,1.0043,57.2251,2.61195e-05
8.60283e+10,1.0043,57.2251,2.61195e-05
8.60283e+10,1.0043,57.2251,2.61195e-05
8.60283e+10,1.0043,57.2251,2.61195e-05
8.60283e+10,1.0043,57.2251,2.61195e-05
8.60283e+10,1.0043,57.2251,2.61195e-05
8.60283e+10,1.0043,57.2251,2.61195e-05
8.60283e+10,1.0043,57.2251,2.61195e-05
8.60283e+10,1.0043,57.2251,2.61195e-05
8.60283e+10,1.0043,57.2251,2.61195e-05
8.60283e+10,1.0043,57.2251,2.61195e-05
8.60283e+10,1.0043,57.2251,2.61195e-05
8.60283e+10,1.0043,57.2251,2.61195e-05
8.60283e+10,1.0043,57.2251,2.61195e-05
8.60283e+10,1.0043,57.2251,2.61195e-05
8.60283e+10,1.0043,57.2251,2.61195e-05
8.60283e+10,1.0043,57.2251,2.61195e-05
8.60283e+10,1.0043,57.2251,2.61195e-05
8.60283e+10,1.0043,57.2251,2.61195e-05
8.60283e+10,1.0043,57.2251,2.61195e-05
8.60283e+10,1.0043,57.2251,2.61195e-05
8.60283e+10,1.0043,57.2251,2.61195e-05
8.60283e+10,1.0043,57.2251,2.61195e-05
8.60283e+10,1.0043,57.2251,2.61195e-05
8.60283e+10,1.0043,57.2251,2.61195e-05
8.60283e+10,1.0043,57.2251,2.61195e-05
8.60283e+10,1.0043,57.2251,2.61195e-05
8.60283e+10,1.0043,57.2251,2.61195e-05
8.60283e+10,1.0043,57.2251,2.61195e-05
8.60283e+10,1.0043,57.2251,2.61195e-05
8.60283e+10,1.0043,57.2251,2.61195e-05
8.60283e+10,1.0043,57.2251,2.61195e-05
8.60283e+10,1.0043,57.2251,2.61195e-05
8.60283e+10,1.0043,57.2251,2.61195e-05
8.60283e+10,1.0043,57.2251,2.61195e-05
8.60283e+10,1.0043,57.2251,2.61195e-05
8.60283e+10,1.0043,57.2251,2.61195e-05
8.60283e+10,1.0043,57.2251,2.61195e-05
8.60283e+10,1.0043,57.2251,2.61195e-05
8.60283e+10,1.0043,57.2251,2.61195e-05
8.60283e+10,1.0043,57.2251,2.61195e-05
8.60283e+10,1.0043,57.2251,2.61195e-05
8.60283e+10,1.0043,57.2251,2.61195e-05
8.60283e+10,1.0043,57.2251,2.61195e-05
8.60283e+10,1.0043,57.2251,2.61195e-05
8.60283e+10,1.0043,57.2251,2.61195e-05
8.60283e+10,1.0043,57.2251,2.61195e-05
8.60283e+10,1.0043,57.2251,2.61195e-05
8.60283e+10,1.0043,57.2251,2.61195e-05
8.60283e+10,1.0043,57.2251,2.61195e-05
8.60283e+10,1.0043,57.2251,2.61195e-05
8.60283e+10,1.0043,57.2251,2.61195e-05
8.60283e+10,1.0043,57.2251,2.61195e-05
8.60283e+10,1.0043,57.2251,2.61195e-05
8.60283e+10,1.0043,57.2251,2.61195e-05
8.60283e+10,1.0043,57.2251,2.61195e-05
8.60283e+10,1.0043,57.2251,2.61195e-05
8.60283e+10,1.0043,57.2251,2.61195e-05
8.60283e+10,1.0043,57.2251,2.61195e-05
8.60283e+10,1.0043,57.2251,2.61195e-05
8.60283e+10,1.0043,57.2251,2.61195e-05
8.60283e+10,1.0043,57.2251,2.61195e-05
8.60283e+10,1.0043,57.2251,2.61195e-05
8.60283e+10,1.0043,57.2251,2.61195e-05
8.60283e+10,1.0043,57.2251,2.61195e-05
8.60283e+10,1.0043,57.2251,2.61195e-05
8.60283e+10,1.0043,57.2251,2.61195e-05
8.60283e+10,1.0043,57.2251,2.61195e-05
8.60283e+10,1.0043,57.2251,2.61195e-05
8.60283e+10,1.0043,57.2251,2.61195e-05
8.60283e+10,1.0043,57.2251,2.61195e-05
8.60283e+10,1.0043,57.2251,2.61195e-05
8.60283e+10,1.0043,57.2251,2.61195e-05
8.60283e+10,1.0043,57.2251,2.61195e-05
8.60283e+10,1.0043,57.2251,2.61195e-05
8.60283e+10,1.0043,57.2251,2.61195e-05
8.60283e+10,1.0043,57.2251,2.61195e-05
8.60283e+10,1.0043,57.2251,2.61195e-05
8.60283e+10,1.0043,57.2251,2.61195e-05
8.60283e+10,1.0043,57.2251,2.61195e-05
8.60283e+10,1.0043,57.2251,2.61195e-05
8.60283e+10,1.0043,57.2251,2.61195e-05
8.60283e+10,1.0043,57.2251,2.61195e-05
8.60283e+10,1.0043,57.2251,2.61195e-05
8.60283e+10,1.0043,57.2251,2.61195e-05
8.60283e+10,1.0043,57.2251,2.61195e-05
8.60283e+10,1.0043,57.2251,2.61195e-05
8.60283e+10,1.0043,57.2251,2.61195e-05
8.60283e+10,1.0043,57.2251,2.61195e-05
8.60283e+10,1.0043,57.2251,2.61195e-05
8.60283e+10,1.0043,57.2251,2.61195e-05
8.60283e+10,1.0043,57.2251,2.61195e-05
8.60283e+10,1.0043,57.2251,2.61195e-05
8.60283e+10,1.0043,57.2251,2.61195e-05
8.60283e+10,1.0043,57.2251,2.61195e-05
8.60283e+10,1.0043,57.2251,2.61195e-05
8.60283e+10,1.0043,57.2251,2.61195e-05
8.60283e+10,1.0043,57.2251,2.61195e-05
8.60283e+10,1.0043,57.2251,2.61195e-05
8.60283e+10,1.0043,57.2251,2.61195e-05
8.60283e+10,1.0043,57.2251,2.61195e-05
8.60283e+10,1.0043,57.2251,2.61195e-05
8.60283e+10,1.0043,57.2251,2.61195e-05
8.60283e+10,1.0043,57.2251,2.61195e-05
8.60283e+10,1.0043,57.2251,2.61195e-05
8.60283e+10,1.0043,57.2251,2.61195e-05
8.60283e+10,1.0043,57.2251,2.61195e-05
8.60283e+10,1.0043,57.2251,2.61195e-05
8.60283e+10,1.0043,57.2251,2.61195e-05
8.60283e+10,1.0043,57.2251,2.61195e-05
8.60283e+10,1.0043,57.2251,2.61195e-05
8.60283e+10,1.0043,57.2251,2.61195e-05
8.60283e+10,1.0043,57.2251,2.61195e-05
8.60283e+10,1.0043,57.2251,2.61195e-05
8.60283e+10,1.0043,57.2251,2.61195e-05
8.60283e+10,1.0043,57.2251,2.61195e-05
8.60283e+10,1.0043,57.2251,2.61195e-05
8.60283e+10,1.0043,57.2251,2.61195e-05
8.60283e+10,1.0043,57.2251,2.61195e-05
8.60283e+10,1.0043,57.2251,2.61195e-05
8.60283e+10,1.0043,57.2251,2.61195e-05
8.60283e+10,1.0043,57.2251,2.61195e-05
8.60283e+10,1.0043,57.2251,2.61195e-05
8.60283e+10,1.0043,57.2251,2.61195e-05
8.60283e+10,1.0043,57.2251,2.61195e-05
8.60283e+10,1.0043,57.2251,2.61195e-05
8.60283e+10,1.0043,57.2251,2.61195e-05
8.60283e+10,1.0043,57.2251,2.61195e-05
8.60283e+10,1.0043,57.2251,2.61195e-05
8.60283e+10,1.0043,57.2251,2.61195e-05
8.60283e+10,1.0043,57.2251,2.61195e-05
8.60283e+10,1.0043,57.2251,2.61195e-05
8.60283e+10,1.0043,57.2251,2.61195e-05
8.60283e+10,1.0043,57.2251,2.61195e-05
8.60283e+10,1.0043,57.2251,2.61195e-05
8.60283e+10,1.0043,57.2251,2.61195e-05
8.60283e+10,1.0043,57.2251,2.61195e-05
8.60283e+10,1.0043,57.2251,2.61195e-05
8.60283e+10,1.0043,57.2251,2.61195e-05
8.60283e+10,1.0043,57.2251,2.61195e-05
8.60283e+10,1.0043,57.2251,2.61195e-05
8.60283e+10,1.0043,57.2251,2.61195e-05
8.60283e+10,1.0043,57.2251,2.61195e-05
8.60283e+10,1.0043,57.2251,2.61195e-05
8.60283e+10,1.0043,57.2251,2.61195e-05
8.60283e+10,1.0043,57.2251,2.61195e-05
8.60283e+10,1.0043,57.2251,2.61195e-05
8.60283e+10,1.0043,57.2251,2.61195e-05
8.60283e+10,1.0043,57.2251,2.61195e-05
8.60283e+10,1.0043,57.2251,2.61195e-05
8.60283e+10,1.0043,57.2251,2.61195e-05
8.60283e+10,1.0043,57.2251,2.61195e-05
8.60283e+10,1.0043,57.2251,2.61195e-05
8.60283e+10,1.0043,57.2251,2.61195e-05
8.60283e+10,1.0043,57.2251,2.61195e-05
8.60283e+10,1.0043,57.2251,2.61195e-05
8.60283e+10,1.0043,57.2251,2.61195e-05
8.60283e+10,1.0043,57.2251,2.61195e-05
8.60283e+10,1.0043,57.2251,2.61195e-05
8.60283e+10,1.0043,57.2251,2.61195e-05
8.60283e+10,1.0043,57.2251,2.61195e-05
8.60283e+10,1.0043,57.2251,2.61195e-05
8.60283e+10,1.0043,57.2251,2.61195e-05
8.60283e+10,1.0043,57.2251,2.61195e-05
8.60283e+10,1.0043,57.2251,2.61195e-05
8.60283e+10,1.0043,57.2251,2.61195e-05
8.60283e+10,1.0043,57.2251,2.61195e-05
8.60283e+10,1.0043,57.2251,2.61195e-05
8.60283e+10,1.0043,57.2251,2.61195e-05
8.60283e+10,1.0043,57.2251,2.61195e-05
8.60283e+10,1.0043,57.2251,2.61195e-05
8.60283e+10,1.0043,57.2251,2.61195e-05
8.60283e+10,1.0043,57.2251,2.61195e-05
8.60283e+10,1.0043,57.2251,2.61195e-05
8.60283e+10,1.0043,57.2251,2.61195e-05
8.60283e+10,1.0043,57.2251,2.61195e-05
8.60283e+10,1.0043,57.2251,2.61195e-05
8.60283e+10,1.0043,57.2251,2.61195e-05
8.60283e+10,1.0043,57.2251,2.61195e-05
8.60283e+10,1.0043,57.2251,2.61195e-05
8.60283e+10,1.0043,57.2251,2.61195e-05
8.60283e+10,1.0043,57.2251,2.61195e-05
8.60283e+10,1.0043,57.2251,2.61195e-05
8.60283e+10,1.0043,57.2251,2.61195e-05
8.60283e+10,1.0043,57.2251,2.61195e-05
8.60283e+10,1.0043,57.2251,2.61195e-05
8.60283e+10,1.0043,57.2251,2.61195e-05
8.60283e+10,1.0043,57.2251,2.61195e-05
8.60283e+10,1.0043,57.2251,2.61195e-05
8.60283e+10,1.0043,57.2251,2.61195e-05
8.60283e+10,1.0043,57.2251,2.61195e-05
8.60283e+10,1.0043,57.2251,2.61195e-05
8.60283e+10,1.0043,57.2251,2.61195e-05
8.60283e+10,1.0043,57.2251,2.61195e-05
8.60283e+10,1.0043,57.2251,2.61195e-05
8.60283e+10,1.0043,57.2251,2.61195e-05
8.60283e+10,1.0043,57.2251,2.61195e-05
8.60283e+10,1.0043,57.2251,2.61195e-05
8.60283e+10,1.0043,57.2251,2.61195e-05
8.60283e+10,1.0043,57.2251,2.61195e-05
8.60283e+10,1.0043,57.2251,2.61195e-05
8.60283e+10,1.0043,57.2251,2.61195e-05
8.60283e+10,1.0043,57.2251,2.61195e-05
8.60283e+10,1.0043,57.2251,2.61195e-05
8.60283e+10,1.0043,57.2251,2.61195e-05
8.60283e+10,1.0043,57.2251,2.61195e-05
8.60283e+10,1.0043,57.2251,2.61195e-05
8.60283e+10,1.0043,57.2251,2.61195e-05
8.60283e+10,1.0043,57.2251,2.61195e-05
8.60283e+10,1.0043,57.2251,2.61195e-05
8.60283e+10,1.0043,57.2251,2.61195e-05
8.60283e+10,1.0043,57.2251,2.61195e-05
8.60283e+10,1.0043,57.2251,2.61195e-05
8.60283e+10,1.0043,57.2251,2.61195e-05
8.60283e+10,1.0043,57.2251,2.61195e-05
8.60283e+10,1.0043,57.2251,2.61195e-05
8.60283e+10,1.0043,57.2251,2.61195e-05
8.60283e+10,1.0043,57.2251,2.61195e-05
8.60283e+10,1.0043,57.2251,2.61195e-05
8.60283e+10,1.0043,57.2251,2.61195e-05
8.60283e+10,1.0043,57.2251,2.61195e-05
8.60283e+10,1.0043,57.2251,2.61195e-05
8.60283e+10,1.0043,57.2251,2.61195e-05
8.60283e+10,1.0043,57.2251,2.61195e-05
8.60283e+10,1.0043,57.2251,2.61195e-05
8.60283e+10,1.0043,57.2251,2.61195e-05
8.60283e+10,1.0043,57.2251,2.61195e-05
8.60283e+10,1.0043,57.2251,2.61195e-05
8.60283e+10,1.0043,57.2251,2.61195e-05
8.60283e+10,1.0043,57.2251,2.61195e-05
8.60283e+10,1.0043,57.2251,2.61195e-05
8.60283e+10,1.0043,57.2251,2.61195e-05
8.60283e+10,1.0043,57.2251,2.61195e-05
8.60283e+10,1.0043,57.2251,2.61195e-05
8.60283e+10,1.0043,57.2251,2.61195e-05
8.60283e+10,1.0043,57.2251,2.61195e-05
8.60283e+10,1.0043,57.2251,2.61195e-05
8.60283e+10,1.0043,57.2251,2.61195e-05
8.60283e+10,1.0043,57.2251,2.61195e-05
8.60283e+10,1.0043,57.2251,2.61195e-05
8.60283e+10,1.0043,57.2251,2.61195e-05
8.60283e+10,1.0043,57.2251,2.61195e-05
8.60283e+10,1.0043,57.2251,2.61195e-05
8.60283e+10,1.0043,57.2251,2.61195e-05
8.60283e+10,1.0043,57.2251,2.61195e-05
8.60283e+10,1.0043,57.2251,2.61195e-05
8.60283e+10,1.0043,57.2251,2.61195e-05
8.60283e+10,1.0043,57.2251,2.61195e-05
8.60283e+10,1.0043,57.2251,2.61195e-05
8.60283e+10,1.0043,57.2251,2.61195e-05
8.60283e+10,1.0043,57.2251,2.61195e-05
8.60283e+10,1.0043,57.2251,2.61195e-05
8.60283e+10,1.0043,57.2251,2.61195e-05
8.60283e+10,1.0043,57.2251,2.61195e-05
8.60283e+10,1.0043,57.2251,2.61195e-05
8.60283e+10,1.0043,57.2251,2.61195e-05
8.60283e+10,1.0043,57.2251,2.61195e-05
8.60283e+10,1.0043,57.2251,2.61195e-05
8.60283e+10,1.0043,57.2251,2.61195e-05
8.60283e+10,1.0043,57.2251,2.61195e-05
8.60283e+10,1.0043,57.2251,2.61195e-05
8.60283e+10,1.0043,57.2251,2.61195e-05
8.60283e+10,1.0043,57.2251,2.61195e-05
8.60283e+10,1.0043,57.2251,2.61195e-05
8.60283e+10,1.0043,57.2251,2.61195e-05
8.60283e+10,1.0043,57.2251,2.61195e-05
8.60283e+10,1.0043,57.2251,2.61195e-05
8.60283e+10,1.0043,57.2251,2.61195e-05
8.60283e+10,1.0043,57.2251,2.61195e-05
8.60283e+10,1.0043,57.2251,2.61195e-05
8.60283e+10,1.0043,57.2251,2.61195e-05
8.60283e+10,1.0043,57.2251,2.61195e-05
8.60283e+10,1.0043,57.2251,2.61195e-05
8.60283e+10,1.0043,57.2251,2.61195e-05
8.60283e+10,1.0043,57.2251,2.61195e-05
8.60283e+10,1.0043,57.2251,2.61195e-05
8.60283e+10,1.0043,57.2251,2.61195e-05
8.60283e+10,1.0043,57.2251,2.61195e-05
8.60283e+10,1.0043,57.2251,2.61195e-05
8.60283e+10,1.0043,57.2251,2.61195e-05
8.60283e+10,1.0043,57.2251,2.61195e-05
8.60283e+10,1.0043,57.2251,2.61195e-05
8.60283e+10,1.0043,57.2251,2.61195e-05
8.60283e+10,1.0043,57.2251,2.61195e-05
8.60283e+10,1.0043,57.2251,2.61195e-05
8.60283e+10,1.0043,57.2251,2.61195e-05
8.60283e+10,1.0043,57.2251,2.61195e-05
8.60283e+10,1.0043,57.2251,2.61195e-05
8.60283e+10,1.0043,57.2251,2.61195e-05
8.60283e+10,1.0043,57.2251,2.61195e-05
8.60283e+10,1.0043,57.2251,2.61195e-05
8.60283e+10,1.0043,57.2251,2.61195e-05
8.60283e+10,1.0043,57.2251,2.61195e-05
8.60283e+10,1.0043,57.2251,2.61195e-05
8.60283e+10,1.0043,57.2251,2.61195e-05
8.60283e+10,1.0043,57.2251,2.61195e-05
8.60283e+10,1.0043,57.2251,2.61195e-05
8.60283e+10,1.0043,57.2251,2.61195e-05
8.60283e+10,1.0043,57.2251,2.61195e-05
8.60283e+10,1.0043,57.2251,2.61195e-05
8.60283e+10,1.0043,57.2251,2.61195e-05
8.60283e+10,1.0043,57.2251,2.61195e-05
8.60283e+10,1.0043,57.2251,2.61195e-05
8.60283e+10,1.0043,57.2251,2.61195e-05
8.60283e+10,1.0043,57.2251,2.61195e-05
8.60283e+10,1.0043,57.2251,2.61195e-05
8.60283e+10,1.0043,57.2251,2.61195e-05
8.60283e+10,1.0043,57.2251,2.61195e-05
8.60283e+10,1.0043,57.2251,2.61195e-05
8.60283e+10,1.0043,57.2251,2.61195e-05
8.60283e+10,1.0043,57.2251,2.61195e-05
8.60283e+10,1.0043,57.2251,2.61195e-05
8.60283e+10,1.0043,57.2251,2.61195e-05
8.60283e+10,1.0043,57.2251,2.61195e-05
8.60283e+10,1.0043,57.2251,2.61195e-05
8.60283e+10,1.0043,57.2251,2.61195e-05
8.60283e+10,1.0043,57.2251,2.61195e-05
8.60283e+10,1.0043,57.2251,2.61195e-05
8.60283e+10,1.0043,57.2251,2.61195e-05
8.60283e+10,1.0043,57.2251,2.61195e-05
8.60283e+10,1.0043,57.2251,2.61195e-05
8.60283e+10,1.0043,57.2251,2.61195e-05
8.60283e+10,1.0043,57.2251,2.61195e-05
8.60283e+10,1.0043,57.2251,2.61195e-05
8.60283e+10,1.0043,57.2251,2.61195e-05
8.60283e+10,1.0043,57.2251,2.61195e-05
8.60283e+10,1.0043,57.2251,2.61195e-05
8.60283e+10,1.0043,57.2251,2.61195e-05
8.60283e+10,1.0043,57.2251,2.61195e-05
8.60283e+10,1.0043,57.2251,2.61195e-05
8.60283e+10,1.0043,57.2251,2.61195e-05
8.60283e+10,1.0043,57.2251,2.61195e-05
8.60283e+10,1.0043,57.2251,2.61195e-05
8.60283e+10,1.0043,57.2251,2.61195e-05
8.60283e+10,1.0043,57.2251,2.61195e-05
8.60283e+10,1.0043,57.2251,2.61195e-05
8.60283e+10,1.0043,57.2251,2.61195e-05
8.60283e+10,1.0043,57.2251,2.61195e-05
8.60283e+10,1.0043,57.2251,2.61195e-05
8.60283e+10,1.0043,57.2251,2.61195e-05
8.60283e+10,1.0043,57.2251,2.61195e-05
8.60283e+10,1.0043,57.2251,2.61195e-05
8.60283e+10,1.0043,57.2251,2.61195e-05
8.60283e+10,1.0043,57.2251,2.61195e-05
8.60283e+10,1.0043,57.2251,2.61195e-05
8.60283e+10,1.0043,57.2251,2.61195e-05
8.60283e+10,1.0043,57.2251,2.61195e-05
8.60283e+10,1.0043,57.2251,2.61195e-05
8.60283e+10,1.0043,57.2251,2.61195e-05
8.60283e+10,1.0043,57.2251,2.61195e-05
8.60283e+10,1.0043,57.2251,2.61195e-05
8.60283e+10,1.0043,57.2251,2.61195e-05
8.60283e+10,1.0043,57.2251,2.61195e-05
8.60283e+10,1.0043,57.2251,2.61195e-05
8.60283e+10,1.0043,57.2251,2.61195e-05
8.60283e+10,1.0043,57.2251,2.61195e-05
8.60283e+10,1.0043,57.2251,2.61195e-05
8.60283e+10,1.0043,57.2251,2.61195e-05
8.60283e+10,1.0043,57.2251,2.61195e-05
8.60283e+10,1.0043,57.2251,2.61195e-05
8.60283e+10,1.0043,57.2251,2.61195e-05
8.60283e+10,1.0043,57.2251,2.61195e-05
8.60283e+10,1.0043,57.2251,2.61195e-05
8.60283e+10,1.0043,57.2251,2.61195e-05
8.60283e+10,1.0043,57.2251,2.61195e-05
8.60283e+10,1.0043,57.2251,2.61195e-05
8.60283e+10,1.0043,57.2251,2.61195e-05
8.60283e+10,1.0043,57.2251,2.61195e-05
8.60283e+10,1.0043,57.2251,2.61195e-05
8.60283e+10,1.0043,57.2251,2.61195e-05
8.60283e+10,1.0043,57.2251,2.61195e-05
8.60283e+10,1.0043,57.2251,2.61195e-05
8.60283e+10,1.0043,57.2251,2.61195e-05
8.60283e+10,1.0043,57.2251,2.61195e-05
8.60283e+10,1.0043,57.2251,2.61195e-05
8.60283e+10,1.0043,57.2251,2.61195e-05
8.60283e+10,1.0043,57.2251,2.61195e-05
8.60283e+10,1.0043,57.2251,2.61195e-05
8.60283e+10,1.0043,57.2251,2.61195e-05
8.60283e+10,1.0043,57.2251,2.61195e-05
8.60283e+10,1.0043,57.2251,2.61195e-05
8.60283e+10,1.0043,57.2251,2.61195e-05
8.60283e+10,1.0043,57.2251,2.61195e-05
